PS Microsoft.PowerShell.Core\FileSystem::\\192.168.2.201\Developer\Subtitles\pytool> python .\scripts\collect_file_info.py
\\192.168.2.201\Developer\Subtitles\pytool
正则未匹配上，请关注 ./scripts/file/字幕包\女优分类\桜空もも\@@IPX-134桜空もも.srt
正则未匹配上，请关注 ./scripts/file/字幕包\女优分类\櫻木梨乃\(Heyzo)(1075)美巨乳娘はワルもの志願！櫻木梨乃.srt
正则未匹配上，请关注 ./scripts/file/字幕包\女优分类\湊莉久\(S1)(SSNI-146).ass
正则未匹配上，请关注 ./scripts/file/字幕包\女优分类\美竹すず\(E-BODY)(EYAN-063)薬漬けエビ反りマッサージにハマる若妻 美竹すず.mp4_1529040529.srt
正则未匹配上，请关注 ./scripts/file/字幕包\女优分类\铃木里美\(1pondo)(082716_371)はだかの履歴書 鈴木さとみ.srt
正则未匹配上，请关注 ./scripts/file/字幕包\女优分类\铃木里美\(Heyzo)(1473)ねっとりベロチュー、みっちりセックス 鈴木さとみ.srt
正则未匹配上，请关注 ./scripts/file/字幕包\步兵字幕\pacopacomama\(Pacopacomama)(072717_124)淫乱小悪魔なママ 加藤紗理奈.srt
正则未匹配上，请关注 ./scripts/file/字幕包\步兵字幕\其他\(Muramura)(040715_214)若妻ヘルスというものがあるらしく早速頼んでみたら母乳の出るママさんがきて母乳 西しほ.srt
正则未匹配上，请关注 ./scripts/file/字幕包\步兵字幕\其他\S Model 3D2DBD 17 波多野結衣.ass
正则未匹配上，请关注 ./scripts/file/字幕包\步兵字幕\川越ゆい\(1pondo)(061016_314)コスプレイヤーをお貸しします 川越ゆい.srt
正则未匹配上，请关注 ./scripts/file/字幕包\步兵字幕\神尾舞\1pondo – 061014_824 – Nami Itoshino (愛乃なみ).srt
正则未匹配上，请关注 ./scripts/file/字幕包\步兵字幕\美咲結衣\Tokyo-Hot-n1004..srt
正则未匹配上，请关注 ./scripts/file/字幕包\步兵字幕\美咲結衣\Tokyo-Hot_k1179餌食牝_美咲結衣.srt
正则未匹配上，请关注 ./scripts/file/字幕包\骑兵字幕\B开头\BD\BD-M04.srt
正则未匹配上，请关注 ./scripts/file/字幕包\骑兵字幕\B开头\BD\BD-M06.srt
正则未匹配上，请关注 ./scripts/file/字幕包\骑兵字幕\B开头\BD\BD-M07.srt
正则未匹配上，请关注 ./scripts/file/字幕包\骑兵字幕\B开头\BD\BD-M08.srt
正则未匹配上，请关注 ./scripts/file/字幕包\骑兵字幕\B开头\BD\BD-M10.srt
正则未匹配上，请关注 ./scripts/file/字幕包\骑兵字幕\B开头\BD\BD-M11.srt
正则未匹配上，请关注 ./scripts/file/字幕包\骑兵字幕\B开头\BD\BD-M22.srt
正则未匹配上，请关注 ./scripts/file/字幕包\骑兵字幕\C开头\CJOD系列\CJOD-162.m3u8
正则未匹配上，请关注 ./scripts/file/字幕包\骑兵字幕\L开头\LINDA\LINDA 寝取られ Pack.srt
正则未匹配上，请关注 ./scripts/file/字幕包\骑兵字幕\M开头\MKBD\mkbd-s103.ass
正则未匹配上，请关注 ./scripts/file/字幕包\骑兵字幕\N开头\NACR\Kaho imai NACR 466-zh-TW.srt
共有文件34441个
未识别文件24个